<?xml version="1.0" encoding="UTF-8"?>
<!-- Generated by org.testng.reporters.JUnitReportReporter -->
<testsuite hostname="Hp" failures="0" tests="3" name="com.Testng.TestCaseparallelExecution" time="0.010" errors="0" timestamp="2022-11-18T01:04:17 IST" skipped="0">
  <testcase classname="com.Testng.TestCaseparallelExecution" name="testMethod6" time="0.001"/>
  <system-out/>
  <testcase classname="com.Testng.TestCaseparallelExecution" name="testMethod3" time="0.005"/>
  <system-out/>
  <testcase classname="com.Testng.TestCaseparallelExecution" name="testMethod2" time="0.004"/>
  <system-out/>
</testsuite> <!-- com.Testng.TestCaseparallelExecution -->
