<?xml version="1.0" encoding="UTF-8"?>
<!-- Generated by org.testng.reporters.JUnitReportReporter -->
<testsuite hostname="Hp" failures="0" tests="2" name="com.Testng.DataDrivenTest" time="10.847" errors="0" timestamp="2022-11-22T23:39:22 IST" skipped="0">
  <testcase classname="com.Testng.DataDrivenTest" name="verifyDataDrivenFromExcel" time="1.633"/>
  <system-out/>
  <testcase classname="com.Testng.DataDrivenTest" name="validatePageLoad" time="9.214"/>
  <system-out/>
</testsuite> <!-- com.Testng.DataDrivenTest -->
