<?xml version="1.0" encoding="UTF-8"?>
<!-- Generated by org.testng.reporters.JUnitReportReporter -->
<testsuite hostname="Hp" failures="0" tests="4" name="com.Testng.TestngFactoryAnnotation" time="0.008" errors="0" timestamp="2022-11-18T00:12:59 IST" skipped="0">
  <testcase classname="com.Testng.TestngFactoryAnnotation" name="Test4" time="0.001"/>
  <system-out/>
  <testcase classname="com.Testng.TestngFactoryAnnotation" name="Test1" time="0.004"/>
  <system-out/>
  <testcase classname="com.Testng.TestngFactoryAnnotation" name="Test3" time="0.002"/>
  <system-out/>
  <testcase classname="com.Testng.TestngFactoryAnnotation" name="Test2" time="0.001"/>
  <system-out/>
</testsuite> <!-- com.Testng.TestngFactoryAnnotation -->
