<?xml version="1.0" encoding="UTF-8"?>
<!-- Generated by org.testng.reporters.JUnitReportReporter -->
<testsuite hostname="Hp" failures="0" tests="20" name="com.Testng.TestngThreadOperation" time="0.034" errors="0" timestamp="2022-11-18T00:20:53 IST" skipped="0">
  <testcase classname="com.Testng.TestngThreadOperation" name="Tc3" time="0.001"/>
  <system-out/>
  <testcase classname="com.Testng.TestngThreadOperation" name="Tc1" time="0.001"/>
  <system-out/>
  <testcase classname="com.Testng.TestngThreadOperation" name="Tc1" time="0.001"/>
  <system-out/>
  <testcase classname="com.Testng.TestngThreadOperation" name="Tc4" time="0.001"/>
  <system-out/>
  <testcase classname="com.Testng.TestngThreadOperation" name="Tc2" time="0.001"/>
  <system-out/>
  <testcase classname="com.Testng.TestngThreadOperation" name="Tc3" time="0.002"/>
  <system-out/>
  <testcase classname="com.Testng.TestngThreadOperation" name="Tc3" time="0.003"/>
  <system-out/>
  <testcase classname="com.Testng.TestngThreadOperation" name="Tc2" time="0.001"/>
  <system-out/>
  <testcase classname="com.Testng.TestngThreadOperation" name="Tc1" time="0.000"/>
  <system-out/>
  <testcase classname="com.Testng.TestngThreadOperation" name="Tc1" time="0.001"/>
  <system-out/>
  <testcase classname="com.Testng.TestngThreadOperation" name="Tc4" time="0.002"/>
  <system-out/>
  <testcase classname="com.Testng.TestngThreadOperation" name="Tc3" time="0.002"/>
  <system-out/>
  <testcase classname="com.Testng.TestngThreadOperation" name="Tc1" time="0.007"/>
  <system-out/>
  <testcase classname="com.Testng.TestngThreadOperation" name="Tc2" time="0.001"/>
  <system-out/>
  <testcase classname="com.Testng.TestngThreadOperation" name="Tc2" time="0.002"/>
  <system-out/>
  <testcase classname="com.Testng.TestngThreadOperation" name="Tc4" time="0.001"/>
  <system-out/>
  <testcase classname="com.Testng.TestngThreadOperation" name="Tc2" time="0.002"/>
  <system-out/>
  <testcase classname="com.Testng.TestngThreadOperation" name="Tc3" time="0.002"/>
  <system-out/>
  <testcase classname="com.Testng.TestngThreadOperation" name="Tc4" time="0.003"/>
  <system-out/>
  <testcase classname="com.Testng.TestngThreadOperation" name="Tc4" time="0.000"/>
  <system-out/>
</testsuite> <!-- com.Testng.TestngThreadOperation -->
