<?xml version="1.0" encoding="UTF-8"?>
<!-- Generated by org.testng.reporters.JUnitReportReporter -->
<testsuite hostname="Hp" failures="0" tests="3" name="com.Testng.DoubleClickOperation" time="4.605" errors="0" timestamp="2022-11-16T21:34:39 IST" skipped="0">
  <testcase classname="com.Testng.DoubleClickOperation" name="openDoubleClickPage" time="4.366"/>
  <system-out/>
  <testcase classname="com.Testng.DoubleClickOperation" name="scrollDown" time="0.026"/>
  <system-out/>
  <testcase classname="com.Testng.DoubleClickOperation" name="moveintoFrame" time="0.213"/>
  <system-out/>
</testsuite> <!-- com.Testng.DoubleClickOperation -->
