<?xml version="1.0" encoding="UTF-8"?>
<!-- Generated by org.testng.reporters.JUnitReportReporter -->
<testsuite hostname="Hp" failures="0" tests="2" name="com.Testng.ValidateFileUpload" time="9.448" errors="0" timestamp="2022-11-19T22:32:10 IST" skipped="0">
  <testcase classname="com.Testng.ValidateFileUpload" name="validatePageLoad" time="3.129"/>
  <system-out/>
  <testcase classname="com.Testng.ValidateFileUpload" name="ValidFileUpload" time="6.319"/>
  <system-out/>
</testsuite> <!-- com.Testng.ValidateFileUpload -->
