<?xml version="1.0" encoding="UTF-8"?>
<!-- Generated by org.testng.reporters.JUnitReportReporter -->
<testsuite hostname="Hp" failures="0" tests="1" name="com.Testng.Class1" time="0.007" errors="0" timestamp="2022-11-18T01:34:25 IST" skipped="0">
  <testcase classname="com.Testng.Class1" name="f" time="0.007"/>
  <system-out/>
</testsuite> <!-- com.Testng.Class1 -->
