<?xml version="1.0" encoding="UTF-8"?>
<!-- Generated by org.testng.reporters.JUnitReportReporter -->
<testsuite hostname="Hp" failures="0" tests="4" name="com.Testng.testngParalletExcecution" time="0.014" errors="0" timestamp="2022-11-08T01:24:13 IST" skipped="0">
  <testcase classname="com.Testng.testngParalletExcecution" name="TC2" time="0.002"/>
  <system-out/>
  <testcase classname="com.Testng.testngParalletExcecution" name="TC3" time="0.003"/>
  <system-out/>
  <testcase classname="com.Testng.testngParalletExcecution" name="TC1" time="0.006"/>
  <system-out/>
  <testcase classname="com.Testng.testngParalletExcecution" name="TC4" time="0.003"/>
  <system-out/>
</testsuite> <!-- com.Testng.testngParalletExcecution -->
