<?xml version="1.0" encoding="UTF-8"?>
<!-- Generated by org.testng.reporters.JUnitReportReporter -->
<testsuite hostname="Hp" failures="0" tests="2" name="com.Testng.ValidateFileDownload" time="9.453" errors="0" timestamp="2022-11-20T00:26:04 IST" skipped="0">
  <testcase classname="com.Testng.ValidateFileDownload" name="validatePageLoad" time="4.353"/>
  <system-out/>
  <testcase classname="com.Testng.ValidateFileDownload" name="ValidFileDownload" time="5.100"/>
  <system-out/>
</testsuite> <!-- com.Testng.ValidateFileDownload -->
