<?xml version="1.0" encoding="UTF-8"?>
<!-- Generated by org.testng.reporters.JUnitReportReporter -->
<testsuite hostname="Hp" failures="0" tests="2" name="com.Testng.SampleTestClass" time="0.006" errors="0" timestamp="2022-10-11T00:15:41 IST" skipped="0">
  <testcase classname="com.Testng.SampleTestClass" name="testUrl" time="0.004"/>
  <system-out/>
  <testcase classname="com.Testng.SampleTestClass" name="testUrl2" time="0.002"/>
  <system-out/>
</testsuite> <!-- com.Testng.SampleTestClass -->
