<?xml version="1.0" encoding="UTF-8"?>
<!-- Generated by org.testng.reporters.JUnitReportReporter -->
<testsuite hostname="Hp" failures="0" tests="3" name="com.Testng.IncludeSpecificTC" time="0.009" errors="0" timestamp="2022-11-17T22:40:15 IST" skipped="0">
  <testcase classname="com.Testng.IncludeSpecificTC" name="TC1" time="0.000"/>
  <system-out/>
  <testcase classname="com.Testng.IncludeSpecificTC" name="TC3" time="0.006"/>
  <system-out/>
  <testcase classname="com.Testng.IncludeSpecificTC" name="TC5" time="0.003"/>
  <system-out/>
</testsuite> <!-- com.Testng.IncludeSpecificTC -->
