<?xml version="1.0" encoding="UTF-8"?>
<!-- Generated by org.testng.reporters.JUnitReportReporter -->
<testsuite hostname="Hp" failures="0" tests="1" name="com.Testng.Flipkart" time="0.006" errors="0" timestamp="2022-11-08T00:25:22 IST" skipped="0">
  <testcase classname="com.Testng.Flipkart" name="loadFlipkartPage" time="0.006"/>
  <system-out/>
</testsuite> <!-- com.Testng.Flipkart -->
