<?xml version="1.0" encoding="UTF-8"?>
<!-- Generated by org.testng.reporters.JUnitReportReporter -->
<testsuite hostname="Hp" failures="0" tests="2" name="com.Testng.ValidateWebTable" time="3.752" errors="0" timestamp="2022-11-19T18:15:11 IST" skipped="0">
  <testcase classname="com.Testng.ValidateWebTable" name="ValidateWebPageLoad" time="2.956"/>
  <system-out/>
  <testcase classname="com.Testng.ValidateWebTable" name="verifyTableInfo" time="0.796"/>
  <system-out/>
</testsuite> <!-- com.Testng.ValidateWebTable -->
