<?xml version="1.0" encoding="UTF-8"?>
<!-- Generated by org.testng.reporters.JUnitReportReporter -->
<testsuite hostname="Hp" failures="0" tests="4" name="com.Testng.MouseOperation" time="18.794" errors="0" timestamp="2022-11-16T19:12:25 IST" skipped="0">
  <testcase classname="com.Testng.MouseOperation" name="validatePageLoad" time="0.016"/>
  <system-out/>
  <testcase classname="com.Testng.MouseOperation" name="validatingRighClickOperation" time="5.363"/>
  <system-out/>
  <testcase classname="com.Testng.MouseOperation" name="VerifyDoubleClickOperation" time="9.763"/>
  <system-out/>
  <testcase classname="com.Testng.MouseOperation" name="VerifyDragAndDrop" time="3.652"/>
  <system-out/>
</testsuite> <!-- com.Testng.MouseOperation -->
