<?xml version="1.0" encoding="UTF-8"?>
<!-- Generated by org.testng.reporters.JUnitReportReporter -->
<testsuite hostname="Hp" failures="0" tests="2" name="com.Testng.MouseOperation" time="5.365" errors="0" timestamp="2022-11-08T01:38:31 IST" skipped="0">
  <testcase classname="com.Testng.MouseOperation" name="validatePageLoad" time="0.013"/>
  <system-out/>
  <testcase classname="com.Testng.MouseOperation" name="validatingRighClickOperation" time="5.352"/>
  <system-out/>
</testsuite> <!-- com.Testng.MouseOperation -->
