<?xml version="1.0" encoding="UTF-8"?>
<!-- Generated by org.testng.reporters.JUnitReportReporter -->
<testsuite hostname="Hp" failures="0" tests="3" name="com.moduleTest1.Test1" time="0.007" errors="0" timestamp="2022-11-19T11:42:56 IST" skipped="0">
  <testcase classname="com.moduleTest1.Test1" name="test2" time="0.001"/>
  <system-out/>
  <testcase classname="com.moduleTest1.Test1" name="test1" time="0.005"/>
  <system-out/>
  <testcase classname="com.moduleTest1.Test1" name="test3" time="0.001"/>
  <system-out/>
</testsuite> <!-- com.moduleTest1.Test1 -->
