<?xml version="1.0" encoding="UTF-8"?>
<!-- Generated by org.testng.reporters.JUnitReportReporter -->
<testsuite hostname="Hp" failures="0" tests="6" name="com.Testng.DataPovider" time="0.010" errors="0" timestamp="2022-11-17T23:34:56 IST" skipped="0">
  <testcase classname="com.Testng.DataPovider" name="f" time="0.001"/>
  <system-out/>
  <testcase classname="com.Testng.DataPovider" name="test" time="0.002"/>
  <system-out/>
  <testcase classname="com.Testng.DataPovider" name="f" time="0.004"/>
  <system-out/>
  <testcase classname="com.Testng.DataPovider" name="test" time="0.001"/>
  <system-out/>
  <testcase classname="com.Testng.DataPovider" name="test" time="0.001"/>
  <system-out/>
  <testcase classname="com.Testng.DataPovider" name="test" time="0.001"/>
  <system-out/>
</testsuite> <!-- com.Testng.DataPovider -->
