<?xml version="1.0" encoding="UTF-8"?>
<!-- Generated by org.testng.reporters.JUnitReportReporter -->
<testsuite hostname="Hp" failures="0" tests="3" name="com.Testng.TestngParametersTest" time="0.008" errors="0" timestamp="2022-11-17T22:25:07 IST" skipped="0">
  <testcase classname="com.Testng.TestngParametersTest" name="browsername" time="0.005"/>
  <system-out/>
  <testcase classname="com.Testng.TestngParametersTest" name="userDetails" time="0.002"/>
  <system-out/>
  <testcase classname="com.Testng.TestngParametersTest" name="userEmail" time="0.001"/>
  <system-out/>
</testsuite> <!-- com.Testng.TestngParametersTest -->
